RUN	computerdatabase.ComputerDatabaseSimulation	computerdatabasesimulation	1718290787497	 	3.11.3
USER	Users	START	1718290789425
USER	Admins	START	1718290789425
USER	Users	START	1718290790009
REQUEST		Home	1718290789031	1718290790846	OK	 
REQUEST		Home	1718290789031	1718290790846	OK	 
USER	Users	START	1718290791011
REQUEST		Home Redirect 1	1718290790854	1718290791311	OK	 
REQUEST		Home Redirect 1	1718290790854	1718290791310	OK	 
REQUEST		Home	1718290790008	1718290791363	OK	 
REQUEST		Home Redirect 1	1718290791363	1718290791797	OK	 
USER	Users	START	1718290792006
REQUEST		Home	1718290791009	1718290792285	OK	 
REQUEST		Home Redirect 1	1718290792285	1718290792719	OK	 
REQUEST		Search	1718290792323	1718290792760	OK	 
REQUEST		Search	1718290792323	1718290792760	OK	 
USER	Users	START	1718290793005
REQUEST		Search	1718290792799	1718290793225	OK	 
REQUEST		Home	1718290792005	1718290793264	OK	 
REQUEST		Home Redirect 1	1718290793265	1718290793700	OK	 
USER	Admins	START	1718290794006
USER	Users	START	1718290794006
REQUEST		Search	1718290793722	1718290794146	OK	 
REQUEST		Select	1718290793832	1718290794262	OK	 
REQUEST		Select	1718290793832	1718290794262	OK	 
REQUEST		Home	1718290793004	1718290794293	OK	 
REQUEST		Select	1718290794232	1718290794656	OK	 
REQUEST		Home Redirect 1	1718290794294	1718290794724	OK	 
USER	Users	START	1718290795006
REQUEST		Search	1718290794702	1718290795148	OK	 
REQUEST		Home	1718290794005	1718290795306	OK	 
REQUEST		Home	1718290794005	1718290795315	OK	 
REQUEST		Select	1718290795150	1718290795594	OK	 
REQUEST		Page 0	1718290795268	1718290795703	OK	 
REQUEST		Page 0	1718290795268	1718290795705	OK	 
REQUEST		Home Redirect 1	1718290795307	1718290795749	OK	 
REQUEST		Home Redirect 1	1718290795316	1718290795759	OK	 
USER	Users	START	1718290796006
REQUEST		Page 0	1718290795658	1718290796081	OK	 
REQUEST		Search	1718290795726	1718290796146	OK	 
REQUEST		Home	1718290795005	1718290796288	OK	 
REQUEST		Select	1718290796153	1718290796567	OK	 
REQUEST		Home Redirect 1	1718290796288	1718290796702	OK	 
REQUEST		Page 0	1718290796597	1718290797000	OK	 
USER	Users	START	1718290797005
REQUEST		Page 1	1718290796707	1718290797106	OK	 
REQUEST		Page 1	1718290796707	1718290797106	OK	 
REQUEST		Search	1718290796751	1718290797152	OK	 
REQUEST		Search	1718290796762	1718290797177	OK	 
REQUEST		Home	1718290796005	1718290797215	OK	 
REQUEST		Page 1	1718290797083	1718290797496	OK	 
REQUEST		Select	1718290797150	1718290797565	OK	 
REQUEST		Home Redirect 1	1718290797215	1718290797631	OK	 
REQUEST		Page 0	1718290797570	1718290797983	OK	 
USER	Users	START	1718290798005
REQUEST		Search	1718290797705	1718290798128	OK	 
REQUEST		Home	1718290797004	1718290798239	OK	 
REQUEST		Page 1	1718290798003	1718290798424	OK	 
REQUEST		Page 2	1718290798109	1718290798533	OK	 
REQUEST		Page 2	1718290798109	1718290798534	OK	 
REQUEST		Select	1718290798156	1718290798580	OK	 
REQUEST		Select	1718290798181	1718290798605	OK	 
REQUEST		Home Redirect 1	1718290798239	1718290798658	OK	 
REQUEST		Page 2	1718290798498	1718290798918	OK	 
REQUEST		Page 0	1718290798567	1718290798989	OK	 
REQUEST		Search	1718290798634	1718290799056	OK	 
REQUEST		Home	1718290798004	1718290799240	OK	 
REQUEST		Page 1	1718290798985	1718290799409	OK	 
REQUEST		Select	1718290799131	1718290799540	OK	 
REQUEST		Home Redirect 1	1718290799240	1718290799658	OK	 
REQUEST		Page 2	1718290799427	1718290799844	OK	 
REQUEST		Page 3	1718290799535	1718290799958	OK	 
REQUEST		Page 3	1718290799536	1718290799959	OK	 
REQUEST		Page 0	1718290799581	1718290800004	OK	 
REQUEST		Page 0	1718290799607	1718290800041	OK	 
REQUEST		Search	1718290799660	1718290800083	OK	 
REQUEST		Page 3	1718290799921	1718290800344	OK	 
REQUEST		Page 1	1718290799991	1718290800416	OK	 
REQUEST		Select	1718290800059	1718290800487	OK	 
REQUEST		Page 2	1718290800411	1718290800841	OK	 
REQUEST		Page 0	1718290800543	1718290800965	OK	 
USER	Users	END	1718290800965
REQUEST		Search	1718290800659	1718290801080	OK	 
REQUEST		Page 3	1718290800846	1718290801274	OK	 
USER	Users	END	1718290801346
REQUEST		Form	1718290800963	1718290801389	OK	 
REQUEST		Page 1	1718290801007	1718290801440	OK	 
REQUEST		Page 1	1718290801044	1718290801472	OK	 
REQUEST		Select	1718290801085	1718290801509	OK	 
REQUEST		Page 2	1718290801419	1718290801837	OK	 
REQUEST		Page 0	1718290801489	1718290801904	OK	 
REQUEST		Page 3	1718290801843	1718290802246	OK	 
USER	Users	END	1718290802278
REQUEST		Page 1	1718290801967	1718290802368	OK	 
REQUEST		Select	1718290802083	1718290802479	OK	 
REQUEST		Post	1718290802394	1718290802802	OK	 
REQUEST		Page 2	1718290802443	1718290802852	OK	 
REQUEST		Page 2	1718290802474	1718290802886	OK	 
REQUEST		Page 0	1718290802512	1718290802923	OK	 
REQUEST		Post Redirect 1	1718290802809	1718290803234	KO	status.find.is(201), but actually found 200
USER	Users	END	1718290803248
REQUEST		Page 3	1718290802839	1718290803257	OK	 
REQUEST		Page 1	1718290802907	1718290803329	OK	 
REQUEST		Form	1718290803243	1718290803687	OK	 
REQUEST		Page 2	1718290803371	1718290803832	OK	 
REQUEST		Page 0	1718290803481	1718290803947	OK	 
USER	Users	END	1718290804258
REQUEST		Page 3	1718290803854	1718290804315	OK	 
REQUEST		Page 3	1718290803889	1718290804357	OK	 
REQUEST		Page 1	1718290803925	1718290804390	OK	 
REQUEST		Page 2	1718290804332	1718290804792	OK	 
REQUEST		Post	1718290804689	1718290805125	OK	 
REQUEST		Page 3	1718290804833	1718290805269	OK	 
USER	Users	END	1718290805317
REQUEST		Page 1	1718290804949	1718290805381	OK	 
REQUEST		Post Redirect 1	1718290805126	1718290805563	OK	 
USER	Admins	END	1718290805565
REQUEST		Form	1718290805359	1718290805792	OK	 
REQUEST		Page 2	1718290805392	1718290805819	OK	 
REQUEST		Page 3	1718290805793	1718290806250	OK	 
USER	Users	END	1718290806271
REQUEST		Page 2	1718290806384	1718290806827	OK	 
USER	Users	END	1718290807253
REQUEST		Post	1718290806794	1718290807258	OK	 
REQUEST		Page 3	1718290806821	1718290807264	OK	 
REQUEST		Post Redirect 1	1718290807258	1718290807737	OK	 
USER	Admins	END	1718290807738
USER	Users	END	1718290808266
REQUEST		Page 3	1718290807830	1718290808272	OK	 
USER	Users	END	1718290809273
